<?xml version="1.0" encoding="UTF-8"?>
<testsuite xmlns:xsi="http://www.w3.org/2001/XMLSchema-instance" xsi:schemaLocation="https://maven.apache.org/surefire/maven-surefire-plugin/xsd/surefire-test-report.xsd" name="LightTest" time="0.167" tests="11" errors="0" skipped="0" failures="0">
  <properties>
[...]
</properties>
  <testcase name="turnLightsOnTest" classname="LightTest" time="0.004"/>
  <testcase name="LightTest" classname="LightTest" time="0"/>
  <testcase name="turnLightsOffTest" classname="LightTest" time="0"/>
  <testcase name="setDefaultAmountTest" classname="LightTest" time="0"/>
  <testcase name="getDimmableTest" classname="LightTest" time="0.001"/>
  <testcase name="getAmount" classname="LightTest" time="0"/>
  <testcase name="getDefaultAmountTest" classname="LightTest" time="0.001"/>
  <testcase name="getPinTest" classname="LightTest" time="0"/>
  <testcase name="getIDTest" classname="LightTest" time="0.001"/>
  <testcase name="dimTest" classname="LightTest" time="0.001"/>
  <testcase name="changePreferenceTest" classname="LightTest" time="0.001"/>
</testsuite>